[INFO] Scanning for projects...
[INFO] 
[INFO] ----------------------------< com.rj:demo >-----------------------------
[INFO] Building demo 0.0.1-SNAPSHOT
[INFO] --------------------------------[ jar ]---------------------------------
[INFO] 
[INFO] --- maven-clean-plugin:3.1.0:clean (default-clean) @ demo ---
[INFO] Deleting F:\code\project\optimseWithSpringBoot\target
[INFO] 
[INFO] --- swagger-codegen-maven-plugin:2.4.12:generate (default) @ demo ---
[INFO] reading from src/main/resources/optimise.yaml
[WARNING] Output directory does not exist, or is inaccessible. No file (.swagger-codegen-ignore) will be evaluated.
[INFO] writing file F:\code\project\optimseWithSpringBoot\target\generated-sources\swagger\src\gen\java\main\io\swagger\model\OptimseTask.java
[INFO] writing file F:\code\project\optimseWithSpringBoot\target\generated-sources\swagger\src\gen\java\main\io\swagger\api\OptimiseTaskApiController.java
[INFO] writing file F:\code\project\optimseWithSpringBoot\target\generated-sources\swagger\src\gen\java\main\io\swagger\api\OptimiseTaskApi.java
[INFO] writing file F:\code\project\optimseWithSpringBoot\target\generated-sources\swagger\pom.xml
[INFO] writing file F:\code\project\optimseWithSpringBoot\target\generated-sources\swagger\README.md
[INFO] writing file F:\code\project\optimseWithSpringBoot\target\generated-sources\swagger\src/gen/java/main\io\swagger\configuration\HomeController.java
[INFO] writing file F:\code\project\optimseWithSpringBoot\target\generated-sources\swagger\src/gen/java/main\io\swagger\Swagger2SpringBoot.java
[INFO] writing file F:\code\project\optimseWithSpringBoot\target\generated-sources\swagger\src/gen/java/main\io\swagger\RFC3339DateFormat.java
[INFO] writing file F:\code\project\optimseWithSpringBoot\target\generated-sources\swagger\src\main\resources\application.properties
[INFO] writing file F:\code\project\optimseWithSpringBoot\target\generated-sources\swagger\src/gen/java/main\io\swagger\api\ApiException.java
[INFO] writing file F:\code\project\optimseWithSpringBoot\target\generated-sources\swagger\src/gen/java/main\io\swagger\api\ApiResponseMessage.java
[INFO] writing file F:\code\project\optimseWithSpringBoot\target\generated-sources\swagger\src/gen/java/main\io\swagger\api\NotFoundException.java
[INFO] writing file F:\code\project\optimseWithSpringBoot\target\generated-sources\swagger\src/gen/java/main\io\swagger\api\ApiOriginFilter.java
[INFO] writing file F:\code\project\optimseWithSpringBoot\target\generated-sources\swagger\src/gen/java/main\io\swagger\configuration\SwaggerDocumentationConfig.java
[INFO] writing file F:\code\project\optimseWithSpringBoot\target\generated-sources\swagger\src/gen/java/main\io\swagger\configuration\CustomInstantDeserializer.java
[INFO] writing file F:\code\project\optimseWithSpringBoot\target\generated-sources\swagger\src/gen/java/main\io\swagger\configuration\JacksonConfiguration.java
[INFO] writing file F:\code\project\optimseWithSpringBoot\target\generated-sources\swagger\.swagger-codegen-ignore
[INFO] writing file F:\code\project\optimseWithSpringBoot\target\generated-sources\swagger\.swagger-codegen\VERSION
[INFO] 
[INFO] --- maven-resources-plugin:3.1.0:resources (default-resources) @ demo ---
[INFO] Using 'UTF-8' encoding to copy filtered resources.
[INFO] Copying 1 resource
[INFO] Copying 2 resources
[INFO] 
[INFO] --- maven-compiler-plugin:3.8.1:compile (default-compile) @ demo ---
[INFO] Changes detected - recompiling the module!
[INFO] Compiling 14 source files to F:\code\project\optimseWithSpringBoot\target\classes
[INFO] -------------------------------------------------------------
[ERROR] COMPILATION ERROR : 
[INFO] -------------------------------------------------------------
[ERROR] /F:/code/project/optimseWithSpringBoot/target/generated-sources/swagger/src/gen/java/main/io/swagger/configuration/JacksonConfiguration.java:[3,49] 程序包com.fasterxml.jackson.datatype.threetenbp不存在
[ERROR] /F:/code/project/optimseWithSpringBoot/target/generated-sources/swagger/src/gen/java/main/io/swagger/configuration/JacksonConfiguration.java:[7,23] 程序包org.threeten.bp不存在
[ERROR] /F:/code/project/optimseWithSpringBoot/target/generated-sources/swagger/src/gen/java/main/io/swagger/configuration/JacksonConfiguration.java:[8,23] 程序包org.threeten.bp不存在
[ERROR] /F:/code/project/optimseWithSpringBoot/target/generated-sources/swagger/src/gen/java/main/io/swagger/configuration/JacksonConfiguration.java:[9,23] 程序包org.threeten.bp不存在
[ERROR] /F:/code/project/optimseWithSpringBoot/target/generated-sources/swagger/src/gen/java/main/io/swagger/configuration/JacksonConfiguration.java:[16,3] 找不到符号
  符号:   类 ThreeTenModule
  位置: 类 io.swagger.configuration.JacksonConfiguration
[ERROR] /F:/code/project/optimseWithSpringBoot/target/generated-sources/swagger/src/gen/java/main/io/swagger/configuration/CustomInstantDeserializer.java:[8,49] 程序包com.fasterxml.jackson.datatype.threetenbp不存在
[ERROR] /F:/code/project/optimseWithSpringBoot/target/generated-sources/swagger/src/gen/java/main/io/swagger/configuration/CustomInstantDeserializer.java:[9,49] 程序包com.fasterxml.jackson.datatype.threetenbp不存在
[ERROR] /F:/code/project/optimseWithSpringBoot/target/generated-sources/swagger/src/gen/java/main/io/swagger/configuration/CustomInstantDeserializer.java:[10,55] 程序包com.fasterxml.jackson.datatype.threetenbp.deser不存在
[ERROR] /F:/code/project/optimseWithSpringBoot/target/generated-sources/swagger/src/gen/java/main/io/swagger/configuration/CustomInstantDeserializer.java:[11,58] 程序包com.fasterxml.jackson.datatype.threetenbp.function不存在
[ERROR] /F:/code/project/optimseWithSpringBoot/target/generated-sources/swagger/src/gen/java/main/io/swagger/configuration/CustomInstantDeserializer.java:[12,58] 程序包com.fasterxml.jackson.datatype.threetenbp.function不存在
[ERROR] /F:/code/project/optimseWithSpringBoot/target/generated-sources/swagger/src/gen/java/main/io/swagger/configuration/CustomInstantDeserializer.java:[13,23] 程序包org.threeten.bp不存在
[ERROR] /F:/code/project/optimseWithSpringBoot/target/generated-sources/swagger/src/gen/java/main/io/swagger/configuration/CustomInstantDeserializer.java:[14,23] 程序包org.threeten.bp不存在
[ERROR] /F:/code/project/optimseWithSpringBoot/target/generated-sources/swagger/src/gen/java/main/io/swagger/configuration/CustomInstantDeserializer.java:[15,23] 程序包org.threeten.bp不存在
[ERROR] /F:/code/project/optimseWithSpringBoot/target/generated-sources/swagger/src/gen/java/main/io/swagger/configuration/CustomInstantDeserializer.java:[16,23] 程序包org.threeten.bp不存在
[ERROR] /F:/code/project/optimseWithSpringBoot/target/generated-sources/swagger/src/gen/java/main/io/swagger/configuration/CustomInstantDeserializer.java:[17,23] 程序包org.threeten.bp不存在
[ERROR] /F:/code/project/optimseWithSpringBoot/target/generated-sources/swagger/src/gen/java/main/io/swagger/configuration/CustomInstantDeserializer.java:[18,30] 程序包org.threeten.bp.format不存在
[ERROR] /F:/code/project/optimseWithSpringBoot/target/generated-sources/swagger/src/gen/java/main/io/swagger/configuration/CustomInstantDeserializer.java:[19,32] 程序包org.threeten.bp.temporal不存在
[ERROR] /F:/code/project/optimseWithSpringBoot/target/generated-sources/swagger/src/gen/java/main/io/swagger/configuration/CustomInstantDeserializer.java:[20,32] 程序包org.threeten.bp.temporal不存在
[ERROR] /F:/code/project/optimseWithSpringBoot/target/generated-sources/swagger/src/gen/java/main/io/swagger/configuration/CustomInstantDeserializer.java:[32,13] 找不到符号
  符号: 类 ThreeTenDateTimeDeserializerBase
[ERROR] /F:/code/project/optimseWithSpringBoot/target/generated-sources/swagger/src/gen/java/main/io/swagger/configuration/CustomInstantDeserializer.java:[31,50] 找不到符号
  符号: 类 Temporal
[ERROR] /F:/code/project/optimseWithSpringBoot/target/generated-sources/swagger/src/gen/java/main/io/swagger/configuration/CustomInstantDeserializer.java:[35,49] 找不到符号
  符号:   类 Instant
  位置: 类 io.swagger.configuration.CustomInstantDeserializer<T>
[ERROR] /F:/code/project/optimseWithSpringBoot/target/generated-sources/swagger/src/gen/java/main/io/swagger/configuration/CustomInstantDeserializer.java:[58,49] 找不到符号
  符号:   类 OffsetDateTime
  位置: 类 io.swagger.configuration.CustomInstantDeserializer<T>
[ERROR] /F:/code/project/optimseWithSpringBoot/target/generated-sources/swagger/src/gen/java/main/io/swagger/configuration/CustomInstantDeserializer.java:[86,49] 找不到符号
  符号:   类 ZonedDateTime
  位置: 类 io.swagger.configuration.CustomInstantDeserializer<T>
[ERROR] /F:/code/project/optimseWithSpringBoot/target/generated-sources/swagger/src/gen/java/main/io/swagger/configuration/CustomInstantDeserializer.java:[114,19] 找不到符号
  符号:   类 Function
  位置: 类 io.swagger.configuration.CustomInstantDeserializer<T>
[ERROR] /F:/code/project/optimseWithSpringBoot/target/generated-sources/swagger/src/gen/java/main/io/swagger/configuration/CustomInstantDeserializer.java:[116,19] 找不到符号
  符号:   类 Function
  位置: 类 io.swagger.configuration.CustomInstantDeserializer<T>
[ERROR] /F:/code/project/optimseWithSpringBoot/target/generated-sources/swagger/src/gen/java/main/io/swagger/configuration/CustomInstantDeserializer.java:[118,19] 找不到符号
  符号:   类 Function
  位置: 类 io.swagger.configuration.CustomInstantDeserializer<T>
[ERROR] /F:/code/project/optimseWithSpringBoot/target/generated-sources/swagger/src/gen/java/main/io/swagger/configuration/CustomInstantDeserializer.java:[118,28] 找不到符号
  符号:   类 TemporalAccessor
  位置: 类 io.swagger.configuration.CustomInstantDeserializer<T>
[ERROR] /F:/code/project/optimseWithSpringBoot/target/generated-sources/swagger/src/gen/java/main/io/swagger/configuration/CustomInstantDeserializer.java:[120,19] 找不到符号
  符号:   类 BiFunction
  位置: 类 io.swagger.configuration.CustomInstantDeserializer<T>
[ERROR] /F:/code/project/optimseWithSpringBoot/target/generated-sources/swagger/src/gen/java/main/io/swagger/configuration/CustomInstantDeserializer.java:[120,33] 找不到符号
  符号:   类 ZoneId
  位置: 类 io.swagger.configuration.CustomInstantDeserializer<T>
[ERROR] /F:/code/project/optimseWithSpringBoot/target/generated-sources/swagger/src/gen/java/main/io/swagger/configuration/CustomInstantDeserializer.java:[123,21] 找不到符号
  符号:   类 DateTimeFormatter
  位置: 类 io.swagger.configuration.CustomInstantDeserializer<T>
[ERROR] /F:/code/project/optimseWithSpringBoot/target/generated-sources/swagger/src/gen/java/main/io/swagger/configuration/CustomInstantDeserializer.java:[124,21] 找不到符号
  符号:   类 Function
  位置: 类 io.swagger.configuration.CustomInstantDeserializer<T>
[ERROR] /F:/code/project/optimseWithSpringBoot/target/generated-sources/swagger/src/gen/java/main/io/swagger/configuration/CustomInstantDeserializer.java:[124,30] 找不到符号
  符号:   类 TemporalAccessor
  位置: 类 io.swagger.configuration.CustomInstantDeserializer<T>
[ERROR] /F:/code/project/optimseWithSpringBoot/target/generated-sources/swagger/src/gen/java/main/io/swagger/configuration/CustomInstantDeserializer.java:[125,21] 找不到符号
  符号:   类 Function
  位置: 类 io.swagger.configuration.CustomInstantDeserializer<T>
[ERROR] /F:/code/project/optimseWithSpringBoot/target/generated-sources/swagger/src/gen/java/main/io/swagger/configuration/CustomInstantDeserializer.java:[126,21] 找不到符号
  符号:   类 Function
  位置: 类 io.swagger.configuration.CustomInstantDeserializer<T>
[ERROR] /F:/code/project/optimseWithSpringBoot/target/generated-sources/swagger/src/gen/java/main/io/swagger/configuration/CustomInstantDeserializer.java:[127,21] 找不到符号
  符号:   类 BiFunction
  位置: 类 io.swagger.configuration.CustomInstantDeserializer<T>
[ERROR] /F:/code/project/optimseWithSpringBoot/target/generated-sources/swagger/src/gen/java/main/io/swagger/configuration/CustomInstantDeserializer.java:[127,35] 找不到符号
  符号:   类 ZoneId
  位置: 类 io.swagger.configuration.CustomInstantDeserializer<T>
[ERROR] /F:/code/project/optimseWithSpringBoot/target/generated-sources/swagger/src/gen/java/main/io/swagger/configuration/CustomInstantDeserializer.java:[141,74] 找不到符号
  符号:   类 DateTimeFormatter
  位置: 类 io.swagger.configuration.CustomInstantDeserializer<T>
[ERROR] /F:/code/project/optimseWithSpringBoot/target/generated-sources/swagger/src/gen/java/main/io/swagger/configuration/CustomInstantDeserializer.java:[150,48] 找不到符号
  符号:   类 DateTimeFormatter
  位置: 类 io.swagger.configuration.CustomInstantDeserializer<T>
[ERROR] /F:/code/project/optimseWithSpringBoot/target/generated-sources/swagger/src/gen/java/main/io/swagger/configuration/CustomInstantDeserializer.java:[206,11] 找不到符号
  符号:   类 ZoneId
  位置: 类 io.swagger.configuration.CustomInstantDeserializer<T>
[ERROR] /F:/code/project/optimseWithSpringBoot/target/generated-sources/swagger/src/gen/java/main/io/swagger/configuration/CustomInstantDeserializer.java:[213,18] 找不到符号
  符号:   类 ZoneId
  位置: 类 io.swagger.configuration.CustomInstantDeserializer.FromIntegerArguments
[ERROR] /F:/code/project/optimseWithSpringBoot/target/generated-sources/swagger/src/gen/java/main/io/swagger/configuration/CustomInstantDeserializer.java:[215,46] 找不到符号
  符号:   类 ZoneId
  位置: 类 io.swagger.configuration.CustomInstantDeserializer.FromIntegerArguments
[ERROR] /F:/code/project/optimseWithSpringBoot/target/generated-sources/swagger/src/gen/java/main/io/swagger/configuration/CustomInstantDeserializer.java:[224,18] 找不到符号
  符号:   类 ZoneId
  位置: 类 io.swagger.configuration.CustomInstantDeserializer.FromDecimalArguments
[ERROR] /F:/code/project/optimseWithSpringBoot/target/generated-sources/swagger/src/gen/java/main/io/swagger/configuration/CustomInstantDeserializer.java:[226,62] 找不到符号
  符号:   类 ZoneId
  位置: 类 io.swagger.configuration.CustomInstantDeserializer.FromDecimalArguments
[ERROR] /F:/code/project/optimseWithSpringBoot/target/generated-sources/swagger/src/gen/java/main/io/swagger/model/OptimseTask.java:[10,24] 程序包javax.validation不存在
[ERROR] /F:/code/project/optimseWithSpringBoot/target/generated-sources/swagger/src/gen/java/main/io/swagger/model/OptimseTask.java:[11,1] 程序包javax.validation.constraints不存在
[ERROR] /F:/code/project/optimseWithSpringBoot/target/generated-sources/swagger/src/gen/java/main/io/swagger/api/OptimiseTaskApiController.java:[18,1] 程序包javax.validation.constraints不存在
[ERROR] /F:/code/project/optimseWithSpringBoot/target/generated-sources/swagger/src/gen/java/main/io/swagger/api/OptimiseTaskApiController.java:[19,24] 程序包javax.validation不存在
[ERROR] /F:/code/project/optimseWithSpringBoot/target/generated-sources/swagger/src/gen/java/main/io/swagger/api/OptimiseTaskApi.java:[21,24] 程序包javax.validation不存在
[ERROR] /F:/code/project/optimseWithSpringBoot/target/generated-sources/swagger/src/gen/java/main/io/swagger/api/OptimiseTaskApi.java:[22,1] 程序包javax.validation.constraints不存在
[ERROR] /F:/code/project/optimseWithSpringBoot/target/generated-sources/swagger/src/gen/java/main/io/swagger/configuration/SwaggerDocumentationConfig.java:[6,40] 程序包springfox.documentation.builders不存在
[ERROR] /F:/code/project/optimseWithSpringBoot/target/generated-sources/swagger/src/gen/java/main/io/swagger/configuration/SwaggerDocumentationConfig.java:[7,40] 程序包springfox.documentation.builders不存在
[ERROR] /F:/code/project/optimseWithSpringBoot/target/generated-sources/swagger/src/gen/java/main/io/swagger/configuration/SwaggerDocumentationConfig.java:[8,39] 程序包springfox.documentation.service不存在
[ERROR] /F:/code/project/optimseWithSpringBoot/target/generated-sources/swagger/src/gen/java/main/io/swagger/configuration/SwaggerDocumentationConfig.java:[9,39] 程序包springfox.documentation.service不存在
[ERROR] /F:/code/project/optimseWithSpringBoot/target/generated-sources/swagger/src/gen/java/main/io/swagger/configuration/SwaggerDocumentationConfig.java:[10,35] 程序包springfox.documentation.spi不存在
[ERROR] /F:/code/project/optimseWithSpringBoot/target/generated-sources/swagger/src/gen/java/main/io/swagger/configuration/SwaggerDocumentationConfig.java:[11,50] 程序包springfox.documentation.spring.web.plugins不存在
[ERROR] /F:/code/project/optimseWithSpringBoot/target/generated-sources/swagger/src/gen/java/main/io/swagger/configuration/SwaggerDocumentationConfig.java:[18,5] 找不到符号
  符号:   类 ApiInfo
  位置: 类 io.swagger.configuration.SwaggerDocumentationConfig
[ERROR] /F:/code/project/optimseWithSpringBoot/target/generated-sources/swagger/src/gen/java/main/io/swagger/configuration/SwaggerDocumentationConfig.java:[31,12] 找不到符号
  符号:   类 Docket
  位置: 类 io.swagger.configuration.SwaggerDocumentationConfig
[ERROR] /F:/code/project/optimseWithSpringBoot/target/generated-sources/swagger/src/gen/java/main/io/swagger/Swagger2SpringBoot.java:[9,52] 程序包springfox.documentation.swagger2.annotations不存在
[ERROR] /F:/code/project/optimseWithSpringBoot/target/generated-sources/swagger/src/gen/java/main/io/swagger/Swagger2SpringBoot.java:[12,2] 找不到符号
  符号: 类 EnableSwagger2
[ERROR] /F:/code/project/optimseWithSpringBoot/target/generated-sources/swagger/src/gen/java/main/io/swagger/configuration/JacksonConfiguration.java:[15,29] 找不到符号
  符号:   类 ThreeTenModule
  位置: 类 io.swagger.configuration.JacksonConfiguration
[ERROR] /F:/code/project/optimseWithSpringBoot/target/generated-sources/swagger/src/gen/java/main/io/swagger/api/OptimiseTaskApiController.java:[40,127] 找不到符号
  符号:   类 Valid
  位置: 类 io.swagger.api.OptimiseTaskApiController
[ERROR] /F:/code/project/optimseWithSpringBoot/target/generated-sources/swagger/src/gen/java/main/io/swagger/api/OptimiseTaskApi.java:[38,128] 找不到符号
  符号:   类 Valid
  位置: 接口 io.swagger.api.OptimiseTaskApi
[INFO] 62 errors 
[INFO] -------------------------------------------------------------
[INFO] ------------------------------------------------------------------------
[INFO] BUILD FAILURE
[INFO] ------------------------------------------------------------------------
[INFO] Total time: 11.118 s
[INFO] Finished at: 2020-05-20T23:49:41+08:00
[INFO] ------------------------------------------------------------------------
[ERROR] Failed to execute goal org.apache.maven.plugins:maven-compiler-plugin:3.8.1:compile (default-compile) on project demo: Compilation failure: Compilation failure: 
[ERROR] /F:/code/project/optimseWithSpringBoot/target/generated-sources/swagger/src/gen/java/main/io/swagger/configuration/JacksonConfiguration.java:[3,49] 程序包com.fasterxml.jackson.datatype.threetenbp不存在
[ERROR] /F:/code/project/optimseWithSpringBoot/target/generated-sources/swagger/src/gen/java/main/io/swagger/configuration/JacksonConfiguration.java:[7,23] 程序包org.threeten.bp不存在
[ERROR] /F:/code/project/optimseWithSpringBoot/target/generated-sources/swagger/src/gen/java/main/io/swagger/configuration/JacksonConfiguration.java:[8,23] 程序包org.threeten.bp不存在
[ERROR] /F:/code/project/optimseWithSpringBoot/target/generated-sources/swagger/src/gen/java/main/io/swagger/configuration/JacksonConfiguration.java:[9,23] 程序包org.threeten.bp不存在
[ERROR] /F:/code/project/optimseWithSpringBoot/target/generated-sources/swagger/src/gen/java/main/io/swagger/configuration/JacksonConfiguration.java:[16,3] 找不到符号
[ERROR]   符号:   类 ThreeTenModule
[ERROR]   位置: 类 io.swagger.configuration.JacksonConfiguration
[ERROR] /F:/code/project/optimseWithSpringBoot/target/generated-sources/swagger/src/gen/java/main/io/swagger/configuration/CustomInstantDeserializer.java:[8,49] 程序包com.fasterxml.jackson.datatype.threetenbp不存在
[ERROR] /F:/code/project/optimseWithSpringBoot/target/generated-sources/swagger/src/gen/java/main/io/swagger/configuration/CustomInstantDeserializer.java:[9,49] 程序包com.fasterxml.jackson.datatype.threetenbp不存在
[ERROR] /F:/code/project/optimseWithSpringBoot/target/generated-sources/swagger/src/gen/java/main/io/swagger/configuration/CustomInstantDeserializer.java:[10,55] 程序包com.fasterxml.jackson.datatype.threetenbp.deser不存在
[ERROR] /F:/code/project/optimseWithSpringBoot/target/generated-sources/swagger/src/gen/java/main/io/swagger/configuration/CustomInstantDeserializer.java:[11,58] 程序包com.fasterxml.jackson.datatype.threetenbp.function不存在
[ERROR] /F:/code/project/optimseWithSpringBoot/target/generated-sources/swagger/src/gen/java/main/io/swagger/configuration/CustomInstantDeserializer.java:[12,58] 程序包com.fasterxml.jackson.datatype.threetenbp.function不存在
[ERROR] /F:/code/project/optimseWithSpringBoot/target/generated-sources/swagger/src/gen/java/main/io/swagger/configuration/CustomInstantDeserializer.java:[13,23] 程序包org.threeten.bp不存在
[ERROR] /F:/code/project/optimseWithSpringBoot/target/generated-sources/swagger/src/gen/java/main/io/swagger/configuration/CustomInstantDeserializer.java:[14,23] 程序包org.threeten.bp不存在
[ERROR] /F:/code/project/optimseWithSpringBoot/target/generated-sources/swagger/src/gen/java/main/io/swagger/configuration/CustomInstantDeserializer.java:[15,23] 程序包org.threeten.bp不存在
[ERROR] /F:/code/project/optimseWithSpringBoot/target/generated-sources/swagger/src/gen/java/main/io/swagger/configuration/CustomInstantDeserializer.java:[16,23] 程序包org.threeten.bp不存在
[ERROR] /F:/code/project/optimseWithSpringBoot/target/generated-sources/swagger/src/gen/java/main/io/swagger/configuration/CustomInstantDeserializer.java:[17,23] 程序包org.threeten.bp不存在
[ERROR] /F:/code/project/optimseWithSpringBoot/target/generated-sources/swagger/src/gen/java/main/io/swagger/configuration/CustomInstantDeserializer.java:[18,30] 程序包org.threeten.bp.format不存在
[ERROR] /F:/code/project/optimseWithSpringBoot/target/generated-sources/swagger/src/gen/java/main/io/swagger/configuration/CustomInstantDeserializer.java:[19,32] 程序包org.threeten.bp.temporal不存在
[ERROR] /F:/code/project/optimseWithSpringBoot/target/generated-sources/swagger/src/gen/java/main/io/swagger/configuration/CustomInstantDeserializer.java:[20,32] 程序包org.threeten.bp.temporal不存在
[ERROR] /F:/code/project/optimseWithSpringBoot/target/generated-sources/swagger/src/gen/java/main/io/swagger/configuration/CustomInstantDeserializer.java:[32,13] 找不到符号
[ERROR]   符号: 类 ThreeTenDateTimeDeserializerBase
[ERROR] /F:/code/project/optimseWithSpringBoot/target/generated-sources/swagger/src/gen/java/main/io/swagger/configuration/CustomInstantDeserializer.java:[31,50] 找不到符号
[ERROR]   符号: 类 Temporal
[ERROR] /F:/code/project/optimseWithSpringBoot/target/generated-sources/swagger/src/gen/java/main/io/swagger/configuration/CustomInstantDeserializer.java:[35,49] 找不到符号
[ERROR]   符号:   类 Instant
[ERROR]   位置: 类 io.swagger.configuration.CustomInstantDeserializer<T>
[ERROR] /F:/code/project/optimseWithSpringBoot/target/generated-sources/swagger/src/gen/java/main/io/swagger/configuration/CustomInstantDeserializer.java:[58,49] 找不到符号
[ERROR]   符号:   类 OffsetDateTime
[ERROR]   位置: 类 io.swagger.configuration.CustomInstantDeserializer<T>
[ERROR] /F:/code/project/optimseWithSpringBoot/target/generated-sources/swagger/src/gen/java/main/io/swagger/configuration/CustomInstantDeserializer.java:[86,49] 找不到符号
[ERROR]   符号:   类 ZonedDateTime
[ERROR]   位置: 类 io.swagger.configuration.CustomInstantDeserializer<T>
[ERROR] /F:/code/project/optimseWithSpringBoot/target/generated-sources/swagger/src/gen/java/main/io/swagger/configuration/CustomInstantDeserializer.java:[114,19] 找不到符号
[ERROR]   符号:   类 Function
[ERROR]   位置: 类 io.swagger.configuration.CustomInstantDeserializer<T>
[ERROR] /F:/code/project/optimseWithSpringBoot/target/generated-sources/swagger/src/gen/java/main/io/swagger/configuration/CustomInstantDeserializer.java:[116,19] 找不到符号
[ERROR]   符号:   类 Function
[ERROR]   位置: 类 io.swagger.configuration.CustomInstantDeserializer<T>
[ERROR] /F:/code/project/optimseWithSpringBoot/target/generated-sources/swagger/src/gen/java/main/io/swagger/configuration/CustomInstantDeserializer.java:[118,19] 找不到符号
[ERROR]   符号:   类 Function
[ERROR]   位置: 类 io.swagger.configuration.CustomInstantDeserializer<T>
[ERROR] /F:/code/project/optimseWithSpringBoot/target/generated-sources/swagger/src/gen/java/main/io/swagger/configuration/CustomInstantDeserializer.java:[118,28] 找不到符号
[ERROR]   符号:   类 TemporalAccessor
[ERROR]   位置: 类 io.swagger.configuration.CustomInstantDeserializer<T>
[ERROR] /F:/code/project/optimseWithSpringBoot/target/generated-sources/swagger/src/gen/java/main/io/swagger/configuration/CustomInstantDeserializer.java:[120,19] 找不到符号
[ERROR]   符号:   类 BiFunction
[ERROR]   位置: 类 io.swagger.configuration.CustomInstantDeserializer<T>
[ERROR] /F:/code/project/optimseWithSpringBoot/target/generated-sources/swagger/src/gen/java/main/io/swagger/configuration/CustomInstantDeserializer.java:[120,33] 找不到符号
[ERROR]   符号:   类 ZoneId
[ERROR]   位置: 类 io.swagger.configuration.CustomInstantDeserializer<T>
[ERROR] /F:/code/project/optimseWithSpringBoot/target/generated-sources/swagger/src/gen/java/main/io/swagger/configuration/CustomInstantDeserializer.java:[123,21] 找不到符号
[ERROR]   符号:   类 DateTimeFormatter
[ERROR]   位置: 类 io.swagger.configuration.CustomInstantDeserializer<T>
[ERROR] /F:/code/project/optimseWithSpringBoot/target/generated-sources/swagger/src/gen/java/main/io/swagger/configuration/CustomInstantDeserializer.java:[124,21] 找不到符号
[ERROR]   符号:   类 Function
[ERROR]   位置: 类 io.swagger.configuration.CustomInstantDeserializer<T>
[ERROR] /F:/code/project/optimseWithSpringBoot/target/generated-sources/swagger/src/gen/java/main/io/swagger/configuration/CustomInstantDeserializer.java:[124,30] 找不到符号
[ERROR]   符号:   类 TemporalAccessor
[ERROR]   位置: 类 io.swagger.configuration.CustomInstantDeserializer<T>
[ERROR] /F:/code/project/optimseWithSpringBoot/target/generated-sources/swagger/src/gen/java/main/io/swagger/configuration/CustomInstantDeserializer.java:[125,21] 找不到符号
[ERROR]   符号:   类 Function
[ERROR]   位置: 类 io.swagger.configuration.CustomInstantDeserializer<T>
[ERROR] /F:/code/project/optimseWithSpringBoot/target/generated-sources/swagger/src/gen/java/main/io/swagger/configuration/CustomInstantDeserializer.java:[126,21] 找不到符号
[ERROR]   符号:   类 Function
[ERROR]   位置: 类 io.swagger.configuration.CustomInstantDeserializer<T>
[ERROR] /F:/code/project/optimseWithSpringBoot/target/generated-sources/swagger/src/gen/java/main/io/swagger/configuration/CustomInstantDeserializer.java:[127,21] 找不到符号
[ERROR]   符号:   类 BiFunction
[ERROR]   位置: 类 io.swagger.configuration.CustomInstantDeserializer<T>
[ERROR] /F:/code/project/optimseWithSpringBoot/target/generated-sources/swagger/src/gen/java/main/io/swagger/configuration/CustomInstantDeserializer.java:[127,35] 找不到符号
[ERROR]   符号:   类 ZoneId
[ERROR]   位置: 类 io.swagger.configuration.CustomInstantDeserializer<T>
[ERROR] /F:/code/project/optimseWithSpringBoot/target/generated-sources/swagger/src/gen/java/main/io/swagger/configuration/CustomInstantDeserializer.java:[141,74] 找不到符号
[ERROR]   符号:   类 DateTimeFormatter
[ERROR]   位置: 类 io.swagger.configuration.CustomInstantDeserializer<T>
[ERROR] /F:/code/project/optimseWithSpringBoot/target/generated-sources/swagger/src/gen/java/main/io/swagger/configuration/CustomInstantDeserializer.java:[150,48] 找不到符号
[ERROR]   符号:   类 DateTimeFormatter
[ERROR]   位置: 类 io.swagger.configuration.CustomInstantDeserializer<T>
[ERROR] /F:/code/project/optimseWithSpringBoot/target/generated-sources/swagger/src/gen/java/main/io/swagger/configuration/CustomInstantDeserializer.java:[206,11] 找不到符号
[ERROR]   符号:   类 ZoneId
[ERROR]   位置: 类 io.swagger.configuration.CustomInstantDeserializer<T>
[ERROR] /F:/code/project/optimseWithSpringBoot/target/generated-sources/swagger/src/gen/java/main/io/swagger/configuration/CustomInstantDeserializer.java:[213,18] 找不到符号
[ERROR]   符号:   类 ZoneId
[ERROR]   位置: 类 io.swagger.configuration.CustomInstantDeserializer.FromIntegerArguments
[ERROR] /F:/code/project/optimseWithSpringBoot/target/generated-sources/swagger/src/gen/java/main/io/swagger/configuration/CustomInstantDeserializer.java:[215,46] 找不到符号
[ERROR]   符号:   类 ZoneId
[ERROR]   位置: 类 io.swagger.configuration.CustomInstantDeserializer.FromIntegerArguments
[ERROR] /F:/code/project/optimseWithSpringBoot/target/generated-sources/swagger/src/gen/java/main/io/swagger/configuration/CustomInstantDeserializer.java:[224,18] 找不到符号
[ERROR]   符号:   类 ZoneId
[ERROR]   位置: 类 io.swagger.configuration.CustomInstantDeserializer.FromDecimalArguments
[ERROR] /F:/code/project/optimseWithSpringBoot/target/generated-sources/swagger/src/gen/java/main/io/swagger/configuration/CustomInstantDeserializer.java:[226,62] 找不到符号
[ERROR]   符号:   类 ZoneId
[ERROR]   位置: 类 io.swagger.configuration.CustomInstantDeserializer.FromDecimalArguments
[ERROR] /F:/code/project/optimseWithSpringBoot/target/generated-sources/swagger/src/gen/java/main/io/swagger/model/OptimseTask.java:[10,24] 程序包javax.validation不存在
[ERROR] /F:/code/project/optimseWithSpringBoot/target/generated-sources/swagger/src/gen/java/main/io/swagger/model/OptimseTask.java:[11,1] 程序包javax.validation.constraints不存在
[ERROR] /F:/code/project/optimseWithSpringBoot/target/generated-sources/swagger/src/gen/java/main/io/swagger/api/OptimiseTaskApiController.java:[18,1] 程序包javax.validation.constraints不存在
[ERROR] /F:/code/project/optimseWithSpringBoot/target/generated-sources/swagger/src/gen/java/main/io/swagger/api/OptimiseTaskApiController.java:[19,24] 程序包javax.validation不存在
[ERROR] /F:/code/project/optimseWithSpringBoot/target/generated-sources/swagger/src/gen/java/main/io/swagger/api/OptimiseTaskApi.java:[21,24] 程序包javax.validation不存在
[ERROR] /F:/code/project/optimseWithSpringBoot/target/generated-sources/swagger/src/gen/java/main/io/swagger/api/OptimiseTaskApi.java:[22,1] 程序包javax.validation.constraints不存在
[ERROR] /F:/code/project/optimseWithSpringBoot/target/generated-sources/swagger/src/gen/java/main/io/swagger/configuration/SwaggerDocumentationConfig.java:[6,40] 程序包springfox.documentation.builders不存在
[ERROR] /F:/code/project/optimseWithSpringBoot/target/generated-sources/swagger/src/gen/java/main/io/swagger/configuration/SwaggerDocumentationConfig.java:[7,40] 程序包springfox.documentation.builders不存在
[ERROR] /F:/code/project/optimseWithSpringBoot/target/generated-sources/swagger/src/gen/java/main/io/swagger/configuration/SwaggerDocumentationConfig.java:[8,39] 程序包springfox.documentation.service不存在
[ERROR] /F:/code/project/optimseWithSpringBoot/target/generated-sources/swagger/src/gen/java/main/io/swagger/configuration/SwaggerDocumentationConfig.java:[9,39] 程序包springfox.documentation.service不存在
[ERROR] /F:/code/project/optimseWithSpringBoot/target/generated-sources/swagger/src/gen/java/main/io/swagger/configuration/SwaggerDocumentationConfig.java:[10,35] 程序包springfox.documentation.spi不存在
[ERROR] /F:/code/project/optimseWithSpringBoot/target/generated-sources/swagger/src/gen/java/main/io/swagger/configuration/SwaggerDocumentationConfig.java:[11,50] 程序包springfox.documentation.spring.web.plugins不存在
[ERROR] /F:/code/project/optimseWithSpringBoot/target/generated-sources/swagger/src/gen/java/main/io/swagger/configuration/SwaggerDocumentationConfig.java:[18,5] 找不到符号
[ERROR]   符号:   类 ApiInfo
[ERROR]   位置: 类 io.swagger.configuration.SwaggerDocumentationConfig
[ERROR] /F:/code/project/optimseWithSpringBoot/target/generated-sources/swagger/src/gen/java/main/io/swagger/configuration/SwaggerDocumentationConfig.java:[31,12] 找不到符号
[ERROR]   符号:   类 Docket
[ERROR]   位置: 类 io.swagger.configuration.SwaggerDocumentationConfig
[ERROR] /F:/code/project/optimseWithSpringBoot/target/generated-sources/swagger/src/gen/java/main/io/swagger/Swagger2SpringBoot.java:[9,52] 程序包springfox.documentation.swagger2.annotations不存在
[ERROR] /F:/code/project/optimseWithSpringBoot/target/generated-sources/swagger/src/gen/java/main/io/swagger/Swagger2SpringBoot.java:[12,2] 找不到符号
[ERROR]   符号: 类 EnableSwagger2
[ERROR] /F:/code/project/optimseWithSpringBoot/target/generated-sources/swagger/src/gen/java/main/io/swagger/configuration/JacksonConfiguration.java:[15,29] 找不到符号
[ERROR]   符号:   类 ThreeTenModule
[ERROR]   位置: 类 io.swagger.configuration.JacksonConfiguration
[ERROR] /F:/code/project/optimseWithSpringBoot/target/generated-sources/swagger/src/gen/java/main/io/swagger/api/OptimiseTaskApiController.java:[40,127] 找不到符号
[ERROR]   符号:   类 Valid
[ERROR]   位置: 类 io.swagger.api.OptimiseTaskApiController
[ERROR] /F:/code/project/optimseWithSpringBoot/target/generated-sources/swagger/src/gen/java/main/io/swagger/api/OptimiseTaskApi.java:[38,128] 找不到符号
[ERROR]   符号:   类 Valid
[ERROR]   位置: 接口 io.swagger.api.OptimiseTaskApi
[ERROR] -> [Help 1]
[ERROR] 
[ERROR] To see the full stack trace of the errors, re-run Maven with the -e switch.
[ERROR] Re-run Maven using the -X switch to enable full debug logging.
[ERROR] 
[ERROR] For more information about the errors and possible solutions, please read the following articles:
[ERROR] [Help 1] http://cwiki.apache.org/confluence/display/MAVEN/MojoFailureException
